This is pdfTeX, Version 3.14159265-2.6-1.40.16 (TeX Live 2015/Debian) (preloaded format=pdflatex 2020.7.30)  7 AUG 2020 19:45
entering extended mode
 restricted \write18 enabled.
 %&-line parsing enabled.
**paper.tex
(./paper.tex
LaTeX2e <2016/02/01>
Babel <3.9q> and hyphenation patterns for 5 language(s) loaded.
(./IEEEtran.cls
Document Class: IEEEtran 2015/08/26 V1.8b by Michael Shell
-- See the "IEEEtran_HOWTO" manual for usage information.
-- http://www.michaelshell.org/tex/ieeetran/
\@IEEEtrantmpdimenA=\dimen102
\@IEEEtrantmpdimenB=\dimen103
\@IEEEtrantmpdimenC=\dimen104
\@IEEEtrantmpcountA=\count79
\@IEEEtrantmpcountB=\count80
\@IEEEtrantmpcountC=\count81
\@IEEEtrantmptoksA=\toks14
LaTeX Font Info:    Try loading font information for OT1+ptm on input line 503.

(/usr/share/texlive/texmf-dist/tex/latex/psnfss/ot1ptm.fd
File: ot1ptm.fd 2001/06/04 font definitions for OT1/ptm.
)
-- Using 8.5in x 11in (letter) paper.
-- Using PDF output.
\@IEEEnormalsizeunitybaselineskip=\dimen105
-- This is a 10 point document.
\CLASSINFOnormalsizebaselineskip=\dimen106
\CLASSINFOnormalsizeunitybaselineskip=\dimen107
\IEEEnormaljot=\dimen108
LaTeX Font Info:    Font shape `OT1/ptm/bx/n' in size <5> not available
(Font)              Font shape `OT1/ptm/b/n' tried instead on input line 1090.
LaTeX Font Info:    Font shape `OT1/ptm/bx/it' in size <5> not available
(Font)              Font shape `OT1/ptm/b/it' tried instead on input line 1090.

LaTeX Font Info:    Font shape `OT1/ptm/bx/n' in size <7> not available
(Font)              Font shape `OT1/ptm/b/n' tried instead on input line 1090.
LaTeX Font Info:    Font shape `OT1/ptm/bx/it' in size <7> not available
(Font)              Font shape `OT1/ptm/b/it' tried instead on input line 1090.

LaTeX Font Info:    Font shape `OT1/ptm/bx/n' in size <8> not available
(Font)              Font shape `OT1/ptm/b/n' tried instead on input line 1090.
LaTeX Font Info:    Font shape `OT1/ptm/bx/it' in size <8> not available
(Font)              Font shape `OT1/ptm/b/it' tried instead on input line 1090.

LaTeX Font Info:    Font shape `OT1/ptm/bx/n' in size <9> not available
(Font)              Font shape `OT1/ptm/b/n' tried instead on input line 1090.
LaTeX Font Info:    Font shape `OT1/ptm/bx/it' in size <9> not available
(Font)              Font shape `OT1/ptm/b/it' tried instead on input line 1090.

LaTeX Font Info:    Font shape `OT1/ptm/bx/n' in size <10> not available
(Font)              Font shape `OT1/ptm/b/n' tried instead on input line 1090.
LaTeX Font Info:    Font shape `OT1/ptm/bx/it' in size <10> not available
(Font)              Font shape `OT1/ptm/b/it' tried instead on input line 1090.

LaTeX Font Info:    Font shape `OT1/ptm/bx/n' in size <11> not available
(Font)              Font shape `OT1/ptm/b/n' tried instead on input line 1090.
LaTeX Font Info:    Font shape `OT1/ptm/bx/it' in size <11> not available
(Font)              Font shape `OT1/ptm/b/it' tried instead on input line 1090.

LaTeX Font Info:    Font shape `OT1/ptm/bx/n' in size <12> not available
(Font)              Font shape `OT1/ptm/b/n' tried instead on input line 1090.
LaTeX Font Info:    Font shape `OT1/ptm/bx/it' in size <12> not available
(Font)              Font shape `OT1/ptm/b/it' tried instead on input line 1090.

LaTeX Font Info:    Font shape `OT1/ptm/bx/n' in size <17> not available
(Font)              Font shape `OT1/ptm/b/n' tried instead on input line 1090.
LaTeX Font Info:    Font shape `OT1/ptm/bx/it' in size <17> not available
(Font)              Font shape `OT1/ptm/b/it' tried instead on input line 1090.

LaTeX Font Info:    Font shape `OT1/ptm/bx/n' in size <20> not available
(Font)              Font shape `OT1/ptm/b/n' tried instead on input line 1090.
LaTeX Font Info:    Font shape `OT1/ptm/bx/it' in size <20> not available
(Font)              Font shape `OT1/ptm/b/it' tried instead on input line 1090.

LaTeX Font Info:    Font shape `OT1/ptm/bx/n' in size <24> not available
(Font)              Font shape `OT1/ptm/b/n' tried instead on input line 1090.
LaTeX Font Info:    Font shape `OT1/ptm/bx/it' in size <24> not available
(Font)              Font shape `OT1/ptm/b/it' tried instead on input line 1090.

\IEEEquantizedlength=\dimen109
\IEEEquantizedlengthdiff=\dimen110
\IEEEquantizedtextheightdiff=\dimen111
\IEEEilabelindentA=\dimen112
\IEEEilabelindentB=\dimen113
\IEEEilabelindent=\dimen114
\IEEEelabelindent=\dimen115
\IEEEdlabelindent=\dimen116
\IEEElabelindent=\dimen117
\IEEEiednormlabelsep=\dimen118
\IEEEiedmathlabelsep=\dimen119
\IEEEiedtopsep=\skip41
\c@section=\count82
\c@subsection=\count83
\c@subsubsection=\count84
\c@paragraph=\count85
\c@IEEEsubequation=\count86
\abovecaptionskip=\skip42
\belowcaptionskip=\skip43
\c@figure=\count87
\c@table=\count88
\@IEEEeqnnumcols=\count89
\@IEEEeqncolcnt=\count90
\@IEEEsubeqnnumrollback=\count91
\@IEEEquantizeheightA=\dimen120
\@IEEEquantizeheightB=\dimen121
\@IEEEquantizeheightC=\dimen122
\@IEEEquantizeprevdepth=\dimen123
\@IEEEquantizemultiple=\count92
\@IEEEquantizeboxA=\box26
\@IEEEtmpitemindent=\dimen124
\IEEEPARstartletwidth=\dimen125
\c@IEEEbiography=\count93
\@IEEEtranrubishbin=\box27
) (/usr/share/texlive/texmf-dist/tex/latex/geometry/geometry.sty
Package: geometry 2010/09/12 v5.6 Page Geometry

(/usr/share/texlive/texmf-dist/tex/latex/graphics/keyval.sty
Package: keyval 2014/10/28 v1.15 key=value parser (DPC)
\KV@toks@=\toks15
)
(/usr/share/texlive/texmf-dist/tex/generic/oberdiek/ifpdf.sty
Package: ifpdf 2011/01/30 v2.3 Provides the ifpdf switch (HO)
Package ifpdf Info: pdfTeX in PDF mode is detected.
)
(/usr/share/texlive/texmf-dist/tex/generic/oberdiek/ifvtex.sty
Package: ifvtex 2010/03/01 v1.5 Detect VTeX and its facilities (HO)
Package ifvtex Info: VTeX not detected.
)
(/usr/share/texlive/texmf-dist/tex/generic/ifxetex/ifxetex.sty
Package: ifxetex 2010/09/12 v0.6 Provides ifxetex conditional
)
\Gm@cnth=\count94
\Gm@cntv=\count95
\c@Gm@tempcnt=\count96
\Gm@bindingoffset=\dimen126
\Gm@wd@mp=\dimen127
\Gm@odd@mp=\dimen128
\Gm@even@mp=\dimen129
\Gm@layoutwidth=\dimen130
\Gm@layoutheight=\dimen131
\Gm@layouthoffset=\dimen132
\Gm@layoutvoffset=\dimen133
\Gm@dimlist=\toks16
)
(/usr/share/texlive/texmf-dist/tex/latex/makecell/makecell.sty
Package: makecell 2009/08/03 V0.1e Managing of Tab Column Heads and Cells

(/usr/share/texlive/texmf-dist/tex/latex/tools/array.sty
Package: array 2014/10/28 v2.4c Tabular extension package (FMi)
\col@sep=\dimen134
\extrarowheight=\dimen135
\NC@list=\toks17
\extratabsurround=\skip44
\backup@length=\skip45
)
\rotheadsize=\dimen136
\c@nlinenum=\count97
\TeXr@lab=\toks18
)
(/usr/share/texlive/texmf-dist/tex/latex/booktabs/booktabs.sty
Package: booktabs 2005/04/14 v1.61803 publication quality tables
\heavyrulewidth=\dimen137
\lightrulewidth=\dimen138
\cmidrulewidth=\dimen139
\belowrulesep=\dimen140
\belowbottomsep=\dimen141
\aboverulesep=\dimen142
\abovetopsep=\dimen143
\cmidrulesep=\dimen144
\cmidrulekern=\dimen145
\defaultaddspace=\dimen146
\@cmidla=\count98
\@cmidlb=\count99
\@aboverulesep=\dimen147
\@belowrulesep=\dimen148
\@thisruleclass=\count100
\@lastruleclass=\count101
\@thisrulewidth=\dimen149
)
(/usr/share/texlive/texmf-dist/tex/latex/amsmath/amsmath.sty
Package: amsmath 2016/03/03 v2.15a AMS math features
\@mathmargin=\skip46

For additional information on amsmath, use the `?' option.
(/usr/share/texlive/texmf-dist/tex/latex/amsmath/amstext.sty
Package: amstext 2000/06/29 v2.01 AMS text

(/usr/share/texlive/texmf-dist/tex/latex/amsmath/amsgen.sty
File: amsgen.sty 1999/11/30 v2.0 generic functions
\@emptytoks=\toks19
\ex@=\dimen150
))
(/usr/share/texlive/texmf-dist/tex/latex/amsmath/amsbsy.sty
Package: amsbsy 1999/11/29 v1.2d Bold Symbols
\pmbraise@=\dimen151
)
(/usr/share/texlive/texmf-dist/tex/latex/amsmath/amsopn.sty
Package: amsopn 1999/12/14 v2.01 operator names
)
\inf@bad=\count102
LaTeX Info: Redefining \frac on input line 199.
\uproot@=\count103
\leftroot@=\count104
LaTeX Info: Redefining \overline on input line 297.
\classnum@=\count105
\DOTSCASE@=\count106
LaTeX Info: Redefining \ldots on input line 394.
LaTeX Info: Redefining \dots on input line 397.
LaTeX Info: Redefining \cdots on input line 518.
\Mathstrutbox@=\box28
\strutbox@=\box29
\big@size=\dimen152
LaTeX Font Info:    Redeclaring font encoding OML on input line 630.
LaTeX Font Info:    Redeclaring font encoding OMS on input line 631.
\macc@depth=\count107
\c@MaxMatrixCols=\count108
\dotsspace@=\muskip10
\c@parentequation=\count109
\dspbrk@lvl=\count110
\tag@help=\toks20
\row@=\count111
\column@=\count112
\maxfields@=\count113
\andhelp@=\toks21
\eqnshift@=\dimen153
\alignsep@=\dimen154
\tagshift@=\dimen155
\tagwidth@=\dimen156
\totwidth@=\dimen157
\lineht@=\dimen158
\@envbody=\toks22
\multlinegap=\skip47
\multlinetaggap=\skip48
\mathdisplay@stack=\toks23
LaTeX Info: Redefining \[ on input line 2735.
LaTeX Info: Redefining \] on input line 2736.
)
(/usr/share/texlive/texmf-dist/tex/latex/amsfonts/amsfonts.sty
Package: amsfonts 2013/01/14 v3.01 Basic AMSFonts support
\symAMSa=\mathgroup4
\symAMSb=\mathgroup5
LaTeX Font Info:    Overwriting math alphabet `\mathfrak' in version `bold'
(Font)                  U/euf/m/n --> U/euf/b/n on input line 106.
)
(/usr/share/texlive/texmf-dist/tex/latex/graphics/graphicx.sty
Package: graphicx 2014/10/28 v1.0g Enhanced LaTeX Graphics (DPC,SPQR)

(/usr/share/texlive/texmf-dist/tex/latex/graphics/graphics.sty
Package: graphics 2016/01/03 v1.0q Standard LaTeX Graphics (DPC,SPQR)

(/usr/share/texlive/texmf-dist/tex/latex/graphics/trig.sty
Package: trig 2016/01/03 v1.10 sin cos tan (DPC)
)
(/usr/share/texlive/texmf-dist/tex/latex/latexconfig/graphics.cfg
File: graphics.cfg 2010/04/23 v1.9 graphics configuration of TeX Live
)
Package graphics Info: Driver file: pdftex.def on input line 95.

(/usr/share/texlive/texmf-dist/tex/latex/pdftex-def/pdftex.def
File: pdftex.def 2011/05/27 v0.06d Graphics/color for pdfTeX

(/usr/share/texlive/texmf-dist/tex/generic/oberdiek/infwarerr.sty
Package: infwarerr 2010/04/08 v1.3 Providing info/warning/error messages (HO)
)
(/usr/share/texlive/texmf-dist/tex/generic/oberdiek/ltxcmds.sty
Package: ltxcmds 2011/11/09 v1.22 LaTeX kernel commands for general use (HO)
)
\Gread@gobject=\count114
))
\Gin@req@height=\dimen159
\Gin@req@width=\dimen160
)
(/usr/share/texlive/texmf-dist/tex/latex/subfig/subfig.sty
Package: subfig 2005/06/28 ver: 1.3 subfig package

(/usr/share/texlive/texmf-dist/tex/latex/caption/caption.sty
Package: caption 2016/02/21 v3.3-144 Customizing captions (AR)

(/usr/share/texlive/texmf-dist/tex/latex/caption/caption3.sty
Package: caption3 2016/02/04 v1.7-139 caption3 kernel (AR)
Package caption3 Info: TeX engine: e-TeX on input line 67.
\captionmargin=\dimen161
\captionmargin@=\dimen162
\captionwidth=\dimen163
\caption@tempdima=\dimen164
\caption@indent=\dimen165
\caption@parindent=\dimen166
\caption@hangindent=\dimen167
Package caption Info: Unknown document class (or package),
(caption)             standard defaults will be used.
)

Package caption Warning: Unsupported document class (or package) detected,
(caption)                usage of the caption package is not recommended.
See the caption package documentation for explanation.

Package caption Info: \@makecaption = \long macro:#1#2->\ifx \@captype \@IEEEta
blestring \footnotesize \bgroup \par \centering \@IEEEtabletopskipstrut {\norma
lfont \footnotesize #1}\\{\normalfont \footnotesize \scshape #2}\par \addvspace
 {0.5\baselineskip }\egroup \@IEEEtablecaptionsepspace \else \@IEEEfigurecaptio
nsepspace \setbox \@tempboxa \hbox {\normalfont \footnotesize {#1.}\nobreakspac
e \nobreakspace #2}\ifdim \wd \@tempboxa >\hsize \setbox \@tempboxa \hbox {\nor
malfont \footnotesize {#1.}\nobreakspace \nobreakspace }\parbox [t]{\hsize }{\n
ormalfont \footnotesize \noindent \unhbox \@tempboxa #2}\else \ifCLASSOPTIONcon
ference \hbox to\hsize {\normalfont \footnotesize \hfil \box \@tempboxa \hfil }
\else \hbox to\hsize {\normalfont \footnotesize \box \@tempboxa \hfil }\fi \fi 
\fi .
\c@ContinuedFloat=\count115
)
\c@KVtest=\count116
\sf@farskip=\skip49
\sf@captopadj=\dimen168
\sf@capskip=\skip50
\sf@nearskip=\skip51
\c@subfigure=\count117
\c@subfigure@save=\count118
\c@lofdepth=\count119
\c@subtable=\count120
\c@subtable@save=\count121
\c@lotdepth=\count122
\sf@top=\skip52
\sf@bottom=\skip53
) (/usr/share/texlive/texmf-dist/tex/latex/tools/multicol.sty
Package: multicol 2015/08/19 v1.8n multicolumn formatting (FMi)
\c@tracingmulticols=\count123
\mult@box=\box30
\multicol@leftmargin=\dimen169
\c@unbalance=\count124
\c@collectmore=\count125
\doublecol@number=\count126
\multicoltolerance=\count127
\multicolpretolerance=\count128
\full@width=\dimen170
\page@free=\dimen171
\premulticols=\dimen172
\postmulticols=\dimen173
\multicolsep=\skip54
\multicolbaselineskip=\skip55
\partial@page=\box31
\last@line=\box32
\maxbalancingoverflow=\dimen174
\mult@rightbox=\box33
\mult@grightbox=\box34
\mult@gfirstbox=\box35
\mult@firstbox=\box36
\@tempa=\box37
\@tempa=\box38
\@tempa=\box39
\@tempa=\box40
\@tempa=\box41
\@tempa=\box42
\@tempa=\box43
\@tempa=\box44
\@tempa=\box45
\@tempa=\box46
\@tempa=\box47
\@tempa=\box48
\@tempa=\box49
\@tempa=\box50
\@tempa=\box51
\@tempa=\box52
\@tempa=\box53
\c@columnbadness=\count129
\c@finalcolumnbadness=\count130
\last@try=\dimen175
\multicolovershoot=\dimen176
\multicolundershoot=\dimen177
\mult@nat@firstbox=\box54
\colbreak@box=\box55
\mc@col@check@num=\count131
)
(/usr/share/texlive/texmf-dist/tex/latex/multirow/multirow.sty
\bigstrutjot=\dimen178
) (./paper.aux

LaTeX Warning: Label `4d' multiply defined.


LaTeX Warning: Label `sub@4d' multiply defined.

)
\openout1 = `paper.aux'.

LaTeX Font Info:    Checking defaults for OML/cmm/m/it on input line 99.
LaTeX Font Info:    ... okay on input line 99.
LaTeX Font Info:    Checking defaults for T1/cmr/m/n on input line 99.
LaTeX Font Info:    ... okay on input line 99.
LaTeX Font Info:    Checking defaults for OT1/cmr/m/n on input line 99.
LaTeX Font Info:    ... okay on input line 99.
LaTeX Font Info:    Checking defaults for OMS/cmsy/m/n on input line 99.
LaTeX Font Info:    ... okay on input line 99.
LaTeX Font Info:    Checking defaults for OMX/cmex/m/n on input line 99.
LaTeX Font Info:    ... okay on input line 99.
LaTeX Font Info:    Checking defaults for U/cmr/m/n on input line 99.
LaTeX Font Info:    ... okay on input line 99.

-- Lines per column: 52 (approximate, difference = 11.97623pt).
*geometry* driver: auto-detecting
*geometry* detected driver: pdftex
*geometry* verbose mode - [ preamble ] result:
* driver: pdftex
* paper: <default>
* layout: <same size as paper>
* layoutoffset:(h,v)=(0.0pt,0.0pt)
* modes: 
* h-part:(L,W,R)=(54.2025pt, 505.89pt, 54.2025pt)
* v-part:(T,H,B)=(86.72377pt, 635.97623pt, 72.26999pt)
* \paperwidth=614.295pt
* \paperheight=794.96999pt
* \textwidth=505.89pt
* \textheight=635.97623pt
* \oddsidemargin=-18.06749pt
* \evensidemargin=-18.06749pt
* \topmargin=-18.88821pt
* \headheight=12.0pt
* \headsep=21.342pt
* \topskip=12.0pt
* \footskip=25.80774pt
* \marginparwidth=20.0pt
* \marginparsep=10.0pt
* \columnsep=12.0pt
* \skip\footins=10.79993pt plus 4.79993pt minus 2.39996pt
* \hoffset=0.0pt
* \voffset=0.0pt
* \mag=1000
* \@twocolumntrue
* \@twosidefalse
* \@mparswitchfalse
* \@reversemarginfalse
* (1in=72.27pt=25.4mm, 1cm=28.453pt)

(/usr/share/texlive/texmf-dist/tex/context/base/supp-pdf.mkii
[Loading MPS to PDF converter (version 2006.09.02).]
\scratchcounter=\count132
\scratchdimen=\dimen179
\scratchbox=\box56
\nofMPsegments=\count133
\nofMParguments=\count134
\everyMPshowfont=\toks24
\MPscratchCnt=\count135
\MPscratchDim=\dimen180
\MPnumerator=\count136
\makeMPintoPDFobject=\count137
\everyMPtoPDFconversion=\toks25
) (/usr/share/texlive/texmf-dist/tex/generic/oberdiek/pdftexcmds.sty
Package: pdftexcmds 2011/11/29 v0.20 Utility functions of pdfTeX for LuaTeX (HO
)

(/usr/share/texlive/texmf-dist/tex/generic/oberdiek/ifluatex.sty
Package: ifluatex 2010/03/01 v1.3 Provides the ifluatex switch (HO)
Package ifluatex Info: LuaTeX not detected.
)
Package pdftexcmds Info: LuaTeX not detected.
Package pdftexcmds Info: \pdf@primitive is available.
Package pdftexcmds Info: \pdf@ifprimitive is available.
Package pdftexcmds Info: \pdfdraftmode found.
)
(/usr/share/texlive/texmf-dist/tex/latex/oberdiek/epstopdf-base.sty
Package: epstopdf-base 2010/02/09 v2.5 Base part for package epstopdf

(/usr/share/texlive/texmf-dist/tex/latex/oberdiek/grfext.sty
Package: grfext 2010/08/19 v1.1 Manage graphics extensions (HO)

(/usr/share/texlive/texmf-dist/tex/generic/oberdiek/kvdefinekeys.sty
Package: kvdefinekeys 2011/04/07 v1.3 Define keys (HO)
))
(/usr/share/texlive/texmf-dist/tex/latex/oberdiek/kvoptions.sty
Package: kvoptions 2011/06/30 v3.11 Key value format for package options (HO)

(/usr/share/texlive/texmf-dist/tex/generic/oberdiek/kvsetkeys.sty
Package: kvsetkeys 2012/04/25 v1.16 Key value parser (HO)

(/usr/share/texlive/texmf-dist/tex/generic/oberdiek/etexcmds.sty
Package: etexcmds 2011/02/16 v1.5 Avoid name clashes with e-TeX commands (HO)
Package etexcmds Info: Could not find \expanded.
(etexcmds)             That can mean that you are not using pdfTeX 1.50 or
(etexcmds)             that some package has redefined \expanded.
(etexcmds)             In the latter case, load this package earlier.
)))
Package grfext Info: Graphics extension search list:
(grfext)             [.png,.pdf,.jpg,.mps,.jpeg,.jbig2,.jb2,.PNG,.PDF,.JPG,.JPE
G,.JBIG2,.JB2,.eps]
(grfext)             \AppendGraphicsExtensions on input line 452.

(/usr/share/texlive/texmf-dist/tex/latex/latexconfig/epstopdf-sys.cfg
File: epstopdf-sys.cfg 2010/07/13 v1.3 Configuration of (r)epstopdf for TeX Liv
e
))
Package caption Info: Begin \AtBeginDocument code.
Package caption Info: subfig package v1.3 is loaded.
Package caption Info: End \AtBeginDocument code.

(./abstract.tex) (./introduction.tex [1{/var/lib/texmf/fonts/map/pdftex/updmap/
pdftex.map}


]
Package epstopdf Info: Source file: <Figures/Data/FullData/Fir.eps>
(epstopdf)                    date: 2020-08-07 19:44:14
(epstopdf)                    size: 703842 bytes
(epstopdf)             Output file: <Figures/Data/FullData/Fir-eps-converted-to
.pdf>
(epstopdf)                    date: 2020-08-07 19:44:14
(epstopdf)                    size: 112474 bytes
(epstopdf)             Command: <repstopdf --outfile=Figures/Data/FullData/Fir-
eps-converted-to.pdf Figures/Data/FullData/Fir.eps>
(epstopdf)             \includegraphics on input line 33.
Package epstopdf Info: Output file is already uptodate.

<Figures/Data/FullData/Fir-eps-converted-to.pdf, id=10, 694.595pt x 348.30125pt
>
File: Figures/Data/FullData/Fir-eps-converted-to.pdf Graphic file (type pdf)
 <use Figures/Data/FullData/Fir-eps-converted-to.pdf>
Package pdftex.def Info: Figures/Data/FullData/Fir-eps-converted-to.pdf used on
 input line 33.
(pdftex.def)             Requested size: 159.75348pt x 80.10759pt.
Package epstopdf Info: Source file: <Figures/Data/FullData/Law.eps>
(epstopdf)                    date: 2020-08-07 19:44:14
(epstopdf)                    size: 248656 bytes
(epstopdf)             Output file: <Figures/Data/FullData/Law-eps-converted-to
.pdf>
(epstopdf)                    date: 2020-08-07 19:44:14
(epstopdf)                    size: 43305 bytes
(epstopdf)             Command: <repstopdf --outfile=Figures/Data/FullData/Law-
eps-converted-to.pdf Figures/Data/FullData/Law.eps>
(epstopdf)             \includegraphics on input line 36.
Package epstopdf Info: Output file is already uptodate.

<Figures/Data/FullData/Law-eps-converted-to.pdf, id=11, 674.52pt x 348.30125pt>
File: Figures/Data/FullData/Law-eps-converted-to.pdf Graphic file (type pdf)
<use Figures/Data/FullData/Law-eps-converted-to.pdf>
Package pdftex.def Info: Figures/Data/FullData/Law-eps-converted-to.pdf used on
 input line 36.
(pdftex.def)             Requested size: 155.13634pt x 80.10759pt.
Package epstopdf Info: Source file: <Figures/Data/FullData/Str.eps>
(epstopdf)                    date: 2020-08-07 19:44:14
(epstopdf)                    size: 355758 bytes
(epstopdf)             Output file: <Figures/Data/FullData/Str-eps-converted-to
.pdf>
(epstopdf)                    date: 2020-08-07 19:44:14
(epstopdf)                    size: 59853 bytes
(epstopdf)             Command: <repstopdf --outfile=Figures/Data/FullData/Str-
eps-converted-to.pdf Figures/Data/FullData/Str.eps>
(epstopdf)             \includegraphics on input line 39.
Package epstopdf Info: Output file is already uptodate.

<Figures/Data/FullData/Str-eps-converted-to.pdf, id=12, 678.535pt x 348.30125pt
>
File: Figures/Data/FullData/Str-eps-converted-to.pdf Graphic file (type pdf)
 <use Figures/Data/FullData/Str-eps-converted-to.pdf>
Package pdftex.def Info: Figures/Data/FullData/Str-eps-converted-to.pdf used on
 input line 39.
(pdftex.def)             Requested size: 156.05977pt x 80.10759pt.
Package epstopdf Info: Source file: <Figures/Data/SubType/fire.eps>
(epstopdf)                    date: 2020-07-28 02:34:20
(epstopdf)                    size: 15948 bytes
(epstopdf)             Output file: <Figures/Data/SubType/fire-eps-converted-to
.pdf>
(epstopdf)                    date: 2020-07-28 02:34:20
(epstopdf)                    size: 7556 bytes
(epstopdf)             Command: <repstopdf --outfile=Figures/Data/SubType/fire-
eps-converted-to.pdf Figures/Data/SubType/fire.eps>
(epstopdf)             \includegraphics on input line 52.
Package epstopdf Info: Output file is already uptodate.

<Figures/Data/SubType/fire-eps-converted-to.pdf, id=13, 384.43625pt x 300.12125
pt>
File: Figures/Data/SubType/fire-eps-converted-to.pdf Graphic file (type pdf)
 <use Figures/Data/SubType/fire-eps-converted-to.pdf>
Package pdftex.def Info: Figures/Data/SubType/fire-eps-converted-to.pdf used on
 input line 52.
(pdftex.def)             Requested size: 134.55469pt x 105.044pt.
Package epstopdf Info: Source file: <Figures/Data/SubType/law.eps>
(epstopdf)                    date: 2020-07-28 02:34:20
(epstopdf)                    size: 15136 bytes
(epstopdf)             Output file: <Figures/Data/SubType/law-eps-converted-to.
pdf>
(epstopdf)                    date: 2020-07-28 02:34:20
(epstopdf)                    size: 8052 bytes
(epstopdf)             Command: <repstopdf --outfile=Figures/Data/SubType/law-e
ps-converted-to.pdf Figures/Data/SubType/law.eps>
(epstopdf)             \includegraphics on input line 56.
Package epstopdf Info: Output file is already uptodate.

<Figures/Data/SubType/law-eps-converted-to.pdf, id=14, 384.43625pt x 301.125pt>
File: Figures/Data/SubType/law-eps-converted-to.pdf Graphic file (type pdf)
<use Figures/Data/SubType/law-eps-converted-to.pdf>
Package pdftex.def Info: Figures/Data/SubType/law-eps-converted-to.pdf used on 
input line 56.
(pdftex.def)             Requested size: 134.55469pt x 105.39532pt.
Package epstopdf Info: Source file: <Figures/Data/SubType/structural.eps>
(epstopdf)                    date: 2020-07-28 02:34:20
(epstopdf)                    size: 16094 bytes
(epstopdf)             Output file: <Figures/Data/SubType/structural-eps-conver
ted-to.pdf>
(epstopdf)                    date: 2020-07-28 02:34:20
(epstopdf)                    size: 7522 bytes
(epstopdf)             Command: <repstopdf --outfile=Figures/Data/SubType/struc
tural-eps-converted-to.pdf Figures/Data/SubType/structural.eps>
(epstopdf)             \includegraphics on input line 60.
Package epstopdf Info: Output file is already uptodate.

<Figures/Data/SubType/structural-eps-converted-to.pdf, id=15, 363.3575pt x 301.
125pt>
File: Figures/Data/SubType/structural-eps-converted-to.pdf Graphic file (type p
df)
 <use Figures/Data/SubType/structural-eps-converted-to.pdf>
Package pdftex.def Info: Figures/Data/SubType/structural-eps-converted-to.pdf u
sed on input line 60.
(pdftex.def)             Requested size: 127.17702pt x 105.39532pt.
)
(./related.tex) (./data.tex [2]
Package epstopdf Info: Source file: <Figures/Data/Boxplot/All_Incidents_before.
eps>
(epstopdf)                    date: 2020-08-07 19:44:14
(epstopdf)                    size: 48719 bytes
(epstopdf)             Output file: <Figures/Data/Boxplot/All_Incidents_before-
eps-converted-to.pdf>
(epstopdf)                    date: 2020-08-07 19:44:14
(epstopdf)                    size: 12462 bytes
(epstopdf)             Command: <repstopdf --outfile=Figures/Data/Boxplot/All_I
ncidents_before-eps-converted-to.pdf Figures/Data/Boxplot/All_Incidents_before.
eps>
(epstopdf)             \includegraphics on input line 38.
Package epstopdf Info: Output file is already uptodate.

<Figures/Data/Boxplot/All_Incidents_before-eps-converted-to.pdf, id=19, 469.755
pt x 359.3425pt>
File: Figures/Data/Boxplot/All_Incidents_before-eps-converted-to.pdf Graphic fi
le (type pdf)

<use Figures/Data/Boxplot/All_Incidents_before-eps-converted-to.pdf>
Package pdftex.def Info: Figures/Data/Boxplot/All_Incidents_before-eps-converte
d-to.pdf used on input line 38.
(pdftex.def)             Requested size: 117.43846pt x 89.8354pt.
Package epstopdf Info: Source file: <Figures/Data/Boxplot/All_Incidents_after.e
ps>
(epstopdf)                    date: 2020-08-07 19:44:14
(epstopdf)                    size: 89308 bytes
(epstopdf)             Output file: <Figures/Data/Boxplot/All_Incidents_after-e
ps-converted-to.pdf>
(epstopdf)                    date: 2020-08-07 19:44:14
(epstopdf)                    size: 19212 bytes
(epstopdf)             Command: <repstopdf --outfile=Figures/Data/Boxplot/All_I
ncidents_after-eps-converted-to.pdf Figures/Data/Boxplot/All_Incidents_after.ep
s>
(epstopdf)             \includegraphics on input line 42.
Package epstopdf Info: Output file is already uptodate.

<Figures/Data/Boxplot/All_Incidents_after-eps-converted-to.pdf, id=20, 469.755p
t x 359.3425pt>
File: Figures/Data/Boxplot/All_Incidents_after-eps-converted-to.pdf Graphic fil
e (type pdf)

<use Figures/Data/Boxplot/All_Incidents_after-eps-converted-to.pdf>
Package pdftex.def Info: Figures/Data/Boxplot/All_Incidents_after-eps-converted
-to.pdf used on input line 42.
(pdftex.def)             Requested size: 117.43846pt x 89.8354pt.
)
(./model.tex
LaTeX Font Info:    Try loading font information for U+msa on input line 8.
 (/usr/share/texlive/texmf-dist/tex/latex/amsfonts/umsa.fd
File: umsa.fd 2013/01/14 v3.01 AMS symbols A
)
LaTeX Font Info:    Try loading font information for U+msb on input line 8.

(/usr/share/texlive/texmf-dist/tex/latex/amsfonts/umsb.fd
File: umsb.fd 2013/01/14 v3.01 AMS symbols B
)
<Figures/Model/preprocessing.pdf, id=21, 796.9775pt x 597.23125pt>
File: Figures/Model/preprocessing.pdf Graphic file (type pdf)

<use Figures/Model/preprocessing.pdf>
Package pdftex.def Info: Figures/Model/preprocessing.pdf used on input line 26.

(pdftex.def)             Requested size: 287.4494pt x 83.56053pt.
 [3 <./Figures/Data/FullData/Fir-eps-converted-to.pdf> <./Figures/Data/FullData
/Law-eps-converted-to.pdf> <./Figures/Data/FullData/Str-eps-converted-to.pdf> <
./Figures/Data/SubType/fire-eps-converted-to.pdf> <./Figures/Data/SubType/law-e
ps-converted-to.pdf> <./Figures/Data/SubType/structural-eps-converted-to.pdf> <
./Figures/Data/Boxplot/All_Incidents_before-eps-converted-to.pdf> <./Figures/Da
ta/Boxplot/All_Incidents_after-eps-converted-to.pdf>]
! Undefined control sequence.
l.37 ... overview of the DeepER system. \textcolor
                                                  {blue}{DeepER consists of ...
The control sequence at the end of the top line
of your error message was never \def'ed. If you have
misspelled it (e.g., `\hobx'), type `I' and the correct
spelling (e.g., `I\hbox'). Otherwise just continue,
and I'll forget about whatever was undefined.

<Figures/Model/RNN.pdf, id=69, 796.9775pt x 597.23125pt>
File: Figures/Model/RNN.pdf Graphic file (type pdf)

<use Figures/Model/RNN.pdf>
Package pdftex.def Info: Figures/Model/RNN.pdf used on input line 48.
(pdftex.def)             Requested size: 246.94499pt x 173.62927pt.

! Undefined control sequence.
l.62 ...imes for the future $k$ events. \textcolor
                                                  {blue}{The loss function u...
The control sequence at the end of the top line
of your error message was never \def'ed. If you have
misspelled it (e.g., `\hobx'), type `I' and the correct
spelling (e.g., `I\hbox'). Otherwise just continue,
and I'll forget about whatever was undefined.

[4]
Package epstopdf Info: Source file: <Figures/15_5/Dist/Fire_main_mae_5.eps>
(epstopdf)                    date: 2020-07-28 02:34:20
(epstopdf)                    size: 19398 bytes
(epstopdf)             Output file: <Figures/15_5/Dist/Fire_main_mae_5-eps-conv
erted-to.pdf>
(epstopdf)                    date: 2020-07-28 02:34:20
(epstopdf)                    size: 7871 bytes
(epstopdf)             Command: <repstopdf --outfile=Figures/15_5/Dist/Fire_mai
n_mae_5-eps-converted-to.pdf Figures/15_5/Dist/Fire_main_mae_5.eps>
(epstopdf)             \includegraphics on input line 118.
Package epstopdf Info: Output file is already uptodate.

<Figures/15_5/Dist/Fire_main_mae_5-eps-converted-to.pdf, id=77, 462.72874pt x 3
72.39125pt>
File: Figures/15_5/Dist/Fire_main_mae_5-eps-converted-to.pdf Graphic file (type
 pdf)
 <use Figures/15_5/Dist/Fire_main_mae_5-eps-converted-to.pdf>
Package pdftex.def Info: Figures/15_5/Dist/Fire_main_mae_5-eps-converted-to.pdf
 used on input line 118.
(pdftex.def)             Requested size: 124.93843pt x 100.54697pt.
Package epstopdf Info: Source file: <Figures/15_5/Dist/Law_main_mae_6.eps>
(epstopdf)                    date: 2020-07-28 02:34:20
(epstopdf)                    size: 19110 bytes
(epstopdf)             Output file: <Figures/15_5/Dist/Law_main_mae_6-eps-conve
rted-to.pdf>
(epstopdf)                    date: 2020-07-28 02:34:20
(epstopdf)                    size: 7435 bytes
(epstopdf)             Command: <repstopdf --outfile=Figures/15_5/Dist/Law_main
_mae_6-eps-converted-to.pdf Figures/15_5/Dist/Law_main_mae_6.eps>
(epstopdf)             \includegraphics on input line 121.
Package epstopdf Info: Output file is already uptodate.

<Figures/15_5/Dist/Law_main_mae_6-eps-converted-to.pdf, id=78, 462.72874pt x 37
2.39125pt>
File: Figures/15_5/Dist/Law_main_mae_6-eps-converted-to.pdf Graphic file (type 
pdf)
 <use Figures/15_5/Dist/Law_main_mae_6-eps-converted-to.pdf>
Package pdftex.def Info: Figures/15_5/Dist/Law_main_mae_6-eps-converted-to.pdf 
used on input line 121.
(pdftex.def)             Requested size: 124.93843pt x 100.54697pt.
Package epstopdf Info: Source file: <Figures/15_5/Dist/Structural_main_mae_7.ep
s>
(epstopdf)                    date: 2020-07-28 02:34:20
(epstopdf)                    size: 19403 bytes
(epstopdf)             Output file: <Figures/15_5/Dist/Structural_main_mae_7-ep
s-converted-to.pdf>
(epstopdf)                    date: 2020-07-28 02:34:20
(epstopdf)                    size: 7769 bytes
(epstopdf)             Command: <repstopdf --outfile=Figures/15_5/Dist/Structur
al_main_mae_7-eps-converted-to.pdf Figures/15_5/Dist/Structural_main_mae_7.eps>

(epstopdf)             \includegraphics on input line 124.
Package epstopdf Info: Output file is already uptodate.

<Figures/15_5/Dist/Structural_main_mae_7-eps-converted-to.pdf, id=79, 462.72874
pt x 372.39125pt>
File: Figures/15_5/Dist/Structural_main_mae_7-eps-converted-to.pdf Graphic file
 (type pdf)

<use Figures/15_5/Dist/Structural_main_mae_7-eps-converted-to.pdf>
Package pdftex.def Info: Figures/15_5/Dist/Structural_main_mae_7-eps-converted-
to.pdf used on input line 124.
(pdftex.def)             Requested size: 124.93843pt x 100.54697pt.
Package epstopdf Info: Source file: <Figures/15_5/Dist/Fire_main_rmse_5.eps>
(epstopdf)                    date: 2020-07-28 02:34:20
(epstopdf)                    size: 19378 bytes
(epstopdf)             Output file: <Figures/15_5/Dist/Fire_main_rmse_5-eps-con
verted-to.pdf>
(epstopdf)                    date: 2020-07-28 02:34:20
(epstopdf)                    size: 7730 bytes
(epstopdf)             Command: <repstopdf --outfile=Figures/15_5/Dist/Fire_mai
n_rmse_5-eps-converted-to.pdf Figures/15_5/Dist/Fire_main_rmse_5.eps>
(epstopdf)             \includegraphics on input line 144.
Package epstopdf Info: Output file is already uptodate.

<Figures/15_5/Dist/Fire_main_rmse_5-eps-converted-to.pdf, id=80, 463.7325pt x 3
72.39125pt>
File: Figures/15_5/Dist/Fire_main_rmse_5-eps-converted-to.pdf Graphic file (typ
e pdf)
 <use Figures/15_5/Dist/Fire_main_rmse_5-eps-converted-to.pdf>
Package pdftex.def Info: Figures/15_5/Dist/Fire_main_rmse_5-eps-converted-to.pd
f used on input line 144.
(pdftex.def)             Requested size: 125.20944pt x 100.54697pt.
Package epstopdf Info: Source file: <Figures/15_5/Dist/Law_main_rmse_6.eps>
(epstopdf)                    date: 2020-07-28 02:34:20
(epstopdf)                    size: 19394 bytes
(epstopdf)             Output file: <Figures/15_5/Dist/Law_main_rmse_6-eps-conv
erted-to.pdf>
(epstopdf)                    date: 2020-07-28 02:34:20
(epstopdf)                    size: 7603 bytes
(epstopdf)             Command: <repstopdf --outfile=Figures/15_5/Dist/Law_main
_rmse_6-eps-converted-to.pdf Figures/15_5/Dist/Law_main_rmse_6.eps>
(epstopdf)             \includegraphics on input line 147.
Package epstopdf Info: Output file is already uptodate.

<Figures/15_5/Dist/Law_main_rmse_6-eps-converted-to.pdf, id=81, 463.7325pt x 37
2.39125pt>
File: Figures/15_5/Dist/Law_main_rmse_6-eps-converted-to.pdf Graphic file (type
 pdf)
 <use Figures/15_5/Dist/Law_main_rmse_6-eps-converted-to.pdf>
Package pdftex.def Info: Figures/15_5/Dist/Law_main_rmse_6-eps-converted-to.pdf
 used on input line 147.
(pdftex.def)             Requested size: 125.20944pt x 100.54697pt.
Package epstopdf Info: Source file: <Figures/15_5/Dist/Structural_main_rmse_7.e
ps>
(epstopdf)                    date: 2020-07-28 02:34:20
(epstopdf)                    size: 19113 bytes
(epstopdf)             Output file: <Figures/15_5/Dist/Structural_main_rmse_7-e
ps-converted-to.pdf>
(epstopdf)                    date: 2020-07-28 02:34:20
(epstopdf)                    size: 7618 bytes
(epstopdf)             Command: <repstopdf --outfile=Figures/15_5/Dist/Structur
al_main_rmse_7-eps-converted-to.pdf Figures/15_5/Dist/Structural_main_rmse_7.ep
s>
(epstopdf)             \includegraphics on input line 150.
Package epstopdf Info: Output file is already uptodate.

<Figures/15_5/Dist/Structural_main_rmse_7-eps-converted-to.pdf, id=82, 463.7325
pt x 372.39125pt>
File: Figures/15_5/Dist/Structural_main_rmse_7-eps-converted-to.pdf Graphic fil
e (type pdf)

<use Figures/15_5/Dist/Structural_main_rmse_7-eps-converted-to.pdf>
Package pdftex.def Info: Figures/15_5/Dist/Structural_main_rmse_7-eps-converted
-to.pdf used on input line 150.
(pdftex.def)             Requested size: 125.20944pt x 100.54697pt.

! Undefined control sequence.
l.171 ...er variation among the values. \textcolor
                                                  {blue}{This makes our data...
The control sequence at the end of the top line
of your error message was never \def'ed. If you have
misspelled it (e.g., `\hobx'), type `I' and the correct
spelling (e.g., `I\hbox'). Otherwise just continue,
and I'll forget about whatever was undefined.

) (./results.tex [5 <./Figures/Model/preprocessing.pdf> <./Figures/Model/RNN.pd
f>] [6 <./Figures/15_5/Dist/Fire_main_mae_5-eps-converted-to.pdf> <./Figures/15
_5/Dist/Law_main_mae_6-eps-converted-to.pdf> <./Figures/15_5/Dist/Structural_ma
in_mae_7-eps-converted-to.pdf> <./Figures/15_5/Dist/Fire_main_rmse_5-eps-conver
ted-to.pdf> <./Figures/15_5/Dist/Law_main_rmse_6-eps-converted-to.pdf> <./Figur
es/15_5/Dist/Structural_main_rmse_7-eps-converted-to.pdf>]) (./discussion.tex
Package epstopdf Info: Source file: <Figures/15_5/Dist/1Fire_main_5.eps>
(epstopdf)                    date: 2020-08-07 19:44:14
(epstopdf)                    size: 30581 bytes
(epstopdf)             Output file: <Figures/15_5/Dist/1Fire_main_5-eps-convert
ed-to.pdf>
(epstopdf)                    date: 2020-08-07 19:44:14
(epstopdf)                    size: 13662 bytes
(epstopdf)             Command: <repstopdf --outfile=Figures/15_5/Dist/1Fire_ma
in_5-eps-converted-to.pdf Figures/15_5/Dist/1Fire_main_5.eps>
(epstopdf)             \includegraphics on input line 43.
Package epstopdf Info: Output file is already uptodate.

<Figures/15_5/Dist/1Fire_main_5-eps-converted-to.pdf, id=140, 908.39375pt x 467
.7475pt>
File: Figures/15_5/Dist/1Fire_main_5-eps-converted-to.pdf Graphic file (type pd
f)
 <use Figures/15_5/Dist/1Fire_main_5-eps-converted-to.pdf>
Package pdftex.def Info: Figures/15_5/Dist/1Fire_main_5-eps-converted-to.pdf us
ed on input line 43.
(pdftex.def)             Requested size: 227.09789pt x 116.93658pt.
 [7 <./Figures/15_5/Dist/1Fire_main_5-eps-converted-to.pdf>]) (./conclusion.tex
)
(./paper.bbl
Underfull \hbox (badness 10000) in paragraph at lines 25--27
[]\OT1/ptm/m/n/8 ``Nyc open data,'' https://data.cityofnewyork.us/Public-
 []

Missing character: There is no â in font ptmr7t!
Missing character: There is no € in font ptmr7t!
Missing character: There is no ™ in font ptmr7t!
Missing character: There is no â in font ptmr7t!
Missing character: There is no € in font ptmr7t!
Missing character: There is no “ in font ptmr7t!
Missing character: There is no â in font ptmr7t!
Missing character: There is no € in font ptmr7t!
Missing character: There is no ™ in font ptmr7t!
Missing character: There is no â in font ptmr7t!
Missing character: There is no € in font ptmr7t!
Missing character: There is no “ in font ptmr7t!
Missing character: There is no â in font ptmr7t!
Missing character: There is no € in font ptmr7t!
Missing character: There is no ™ in font ptmr7t!
Missing character: There is no â in font ptmr7t!
Missing character: There is no € in font ptmr7t!
Missing character: There is no “ in font ptmr7t!
[8]) [9

] (./paper.aux)

LaTeX Warning: There were multiply-defined labels.

 )
(\end occurred inside a group at level 1)

### simple group (level 1) entered at line 12 ({)
### bottom level 
Here is how much of TeX's memory you used:
 5271 strings out of 494910
 84641 string characters out of 6179836
 163000 words of memory out of 5000000
 8431 multiletter control sequences out of 15000+600000
 42234 words of font info for 86 fonts, out of 8000000 for 9000
 36 hyphenation exceptions out of 8191
 44i,10n,49p,1224b,372s stack positions out of 5000i,500n,10000p,200000b,80000s
{/usr/share/texlive/texmf-dist/fonts/enc/dvips/base/8r.enc}</us
r/share/texlive/texmf-dist/fonts/type1/public/amsfonts/cm/cmex10.pfb></usr/shar
e/texlive/texmf-dist/fonts/type1/public/amsfonts/cm/cmmi10.pfb></usr/share/texl
ive/texmf-dist/fonts/type1/public/amsfonts/cm/cmmi7.pfb></usr/share/texlive/tex
mf-dist/fonts/type1/public/amsfonts/cm/cmr10.pfb></usr/share/texlive/texmf-dist
/fonts/type1/public/amsfonts/cm/cmr7.pfb></usr/share/texlive/texmf-dist/fonts/t
ype1/public/amsfonts/cm/cmsy10.pfb></usr/share/texlive/texmf-dist/fonts/type1/p
ublic/amsfonts/cm/cmsy7.pfb></usr/share/texlive/texmf-dist/fonts/type1/urw/time
s/utmb8a.pfb></usr/share/texlive/texmf-dist/fonts/type1/urw/times/utmbi8a.pfb><
/usr/share/texlive/texmf-dist/fonts/type1/urw/times/utmr8a.pfb></usr/share/texl
ive/texmf-dist/fonts/type1/urw/times/utmri8a.pfb>
Output written on paper.pdf (9 pages, 479651 bytes).
PDF statistics:
 194 PDF objects out of 1000 (max. 8388607)
 130 compressed objects within 2 object streams
 0 named destinations out of 1000 (max. 500000)
 98 words of extra memory for PDF output out of 10000 (max. 10000000)

